<?xml version="1.0" encoding="UTF-8"?>
<!-- Generated by org.testng.reporters.JUnitXMLReporter -->
<testsuite hostname="Priyanka-QA" ignored="0" name="Default test" tests="10" failures="0" timestamp="30 Jan 2020 05:29:35 GMT" time="5.658" errors="0">
  <testcase name="getAllUser" time="1.83" classname="com.resreqapitest.qa.com.TestResreqApi"/>
  <testcase name="getSingleUser" time="0.059" classname="com.resreqapitest.qa.com.TestResreqApi"/>
  <testcase name="postData" time="0.768" classname="com.resreqapitest.qa.com.TestResreqApi"/>
  <testcase name="updateData" time="0.476" classname="com.resreqapitest.qa.com.TestResreqApi"/>
  <testcase name="checkLoginSuccessful" time="0.298" classname="com.resreqapitest.qa.com.TestResreqApi"/>
  <testcase name="checkLoginUnsuccessful" time="0.491" classname="com.resreqapitest.qa.com.TestResreqApi"/>
  <testcase name="registerSuccessful" time="0.404" classname="com.resreqapitest.qa.com.TestResreqApi"/>
  <testcase name="registerUnsuccessful" time="0.513" classname="com.resreqapitest.qa.com.TestResreqApi"/>
  <testcase name="getListOfResources" time="0.419" classname="com.resreqapitest.qa.com.TestResreqApi"/>
  <testcase name="singleResourseNotFound" time="0.348" classname="com.resreqapitest.qa.com.TestResreqApi"/>
</testsuite> <!-- Default test -->
