<?xml version="1.0" encoding="UTF-8"?>
<!-- Generated by org.testng.reporters.JUnitXMLReporter -->
<testsuite hostname="Priyanka-QA" ignored="0" name="Test" tests="10" failures="0" timestamp="29 Jan 2020 12:14:16 GMT" time="5.12" errors="0">
  <testcase name="getAllUser" time="1.749" classname="com.resreqapitest.qa.com.TestResreqApi"/>
  <testcase name="getSingleUser" time="0.049" classname="com.resreqapitest.qa.com.TestResreqApi"/>
  <testcase name="postData" time="0.66" classname="com.resreqapitest.qa.com.TestResreqApi"/>
  <testcase name="updateData" time="0.374" classname="com.resreqapitest.qa.com.TestResreqApi"/>
  <testcase name="checkLoginSuccessful" time="0.382" classname="com.resreqapitest.qa.com.TestResreqApi"/>
  <testcase name="checkLoginUnsuccessful" time="0.583" classname="com.resreqapitest.qa.com.TestResreqApi"/>
  <testcase name="registerSuccessful" time="0.38" classname="com.resreqapitest.qa.com.TestResreqApi"/>
  <testcase name="registerUnsuccessful" time="0.357" classname="com.resreqapitest.qa.com.TestResreqApi"/>
  <testcase name="getListOfResources" time="0.183" classname="com.resreqapitest.qa.com.TestResreqApi"/>
  <testcase name="singleResourseNotFound" time="0.361" classname="com.resreqapitest.qa.com.TestResreqApi"/>
</testsuite> <!-- Test -->
